<?xml version="1.0" encoding="UTF-8"?>
<!-- Generated by org.testng.reporters.JUnitXMLReporter -->
<testsuite hostname="ADMINRG-MKE61HL" ignored="0" name="Validating Tittle in the page" tests="1" failures="0" timestamp="31 Aug 2020 12:58:44 GMT" time="0.068" errors="0">
  <testcase name="@BeforeTest initialize" time="0.0" classname="Academy.validateTittle">
    <failure type="java.lang.NullPointerException">
      <![CDATA[java.lang.NullPointerException
	at Acadmy.Base.initializeDriver(Base.java:43)
	at Academy.validateTittle.initialize(validateTittle.java:27)
	at java.util.concurrent.FutureTask.run(FutureTask.java:266)
	at java.util.concurrent.ThreadPoolExecutor.runWorker(ThreadPoolExecutor.java:1149)
	at java.util.concurrent.ThreadPoolExecutor$Worker.run(ThreadPoolExecutor.java:624)
	at java.lang.Thread.run(Thread.java:748)
... Removed 14 stack frames]]>
    </failure>
  </testcase> <!-- @BeforeTest initialize -->
  <testcase name="@AfterTest closeBrowser" time="0.0" classname="Academy.validateTittle">
    <skipped/>
  </testcase> <!-- @AfterTest closeBrowser -->
  <testcase name="basePageNavigationn_Tittle" time="0.005" classname="Academy.validateTittle">
    <skipped/>
  </testcase> <!-- basePageNavigationn_Tittle -->
</testsuite> <!-- Validating Tittle in the page -->
