<?xml version="1.0" encoding="UTF-8"?>
<!-- Generated by org.testng.reporters.JUnitXMLReporter -->
<testsuite hostname="ADMINRG-MKE61HL" ignored="0" name="Test" tests="3" failures="0" timestamp="26 Aug 2020 13:50:26 GMT" time="62.88" errors="0">
  <testcase name="basePageNavigation" time="23.831" classname="Academy.HomePage"/>
  <testcase name="basePageNavigation" time="6.305" classname="Academy.HomePage"/>
  <testcase name="basePageNavigation" time="0.45" classname="Academy.validateTittle"/>
</testsuite> <!-- Test -->
