-------------------------------------------------------------------------------
Test set: TestSuite
-------------------------------------------------------------------------------
Tests run: 4, Failures: 1, Errors: 0, Skipped: 0, Time elapsed: 164.052 s <<< FAILURE! - in TestSuite
vvalidateTittleHeader(Academy.validateTittle)  Time elapsed: 4.962 s  <<< FAILURE!
java.lang.AssertionError: expected [true] but found [false]
	at Academy.validateTittle.vvalidateTittleHeader(validateTittle.java:67)

