<?xml version="1.0" encoding="UTF-8"?>
<testsuite xmlns:xsi="http://www.w3.org/2001/XMLSchema-instance" xsi:noNamespaceSchemaLocation="https://maven.apache.org/surefire/maven-surefire-plugin/xsd/surefire-test-report.xsd" name="TestSuite" time="164.052" tests="4" errors="0" skipped="0" failures="1">
  <properties>
[...]
</properties>
  <testcase name="basePageNavigationn_Tittle" classname="Academy.validateTittle" time="5.886"/>
  <testcase name="vvalidateTittleHeader" classname="Academy.validateTittle" time="4.962">
    <failure message="expected [true] but found [false]" type="java.lang.AssertionError">java.lang.AssertionError: expected [true] but found [false]
	at Academy.validateTittle.vvalidateTittleHeader(validateTittle.java:67)
</failure>
    <system-out><![CDATA[AN ACADEMY TO LEARN EVERYTHING ABOUT TESTING
]]></system-out>
  </testcase>
  <testcase name="basePageNavigation" classname="Academy.HomePage" time="21.081"/>
  <testcase name="basePageNavigation" classname="Academy.HomePage" time="18.783"/>
</testsuite>